{"/Volumes/workspace/k-view-next/components/components.ts": {"path":"/Volumes/workspace/k-view-next/components/components.ts","statementMap":{"0":{"start":{"line":1,"column":0},"end":{"line":1,"column":9}},"1":{"start":{"line":1,"column":9},"end":{"line":1,"column":16}},"2":{"start":{"line":2,"column":0},"end":{"line":2,"column":9}},"3":{"start":{"line":2,"column":9},"end":{"line":2,"column":16}}},"fnMap":{"0":{"name":"(anonymous_0)","decl":{"start":{"line":1,"column":9},"end":{"line":1,"column":16}},"loc":{"start":{"line":1,"column":9},"end":{"line":1,"column":null}}},"1":{"name":"(anonymous_1)","decl":{"start":{"line":2,"column":9},"end":{"line":2,"column":16}},"loc":{"start":{"line":2,"column":9},"end":{"line":2,"column":null}}}},"branchMap":{},"s":{"0":0,"1":0,"2":0,"3":0},"f":{"0":0,"1":0},"b":{}}
,"/Volumes/workspace/k-view-next/components/index.ts": {"path":"/Volumes/workspace/k-view-next/components/index.ts","statementMap":{"0":{"start":{"line":3,"column":0},"end":{"line":3,"column":null}},"1":{"start":{"line":4,"column":0},"end":{"line":4,"column":null}},"2":{"start":{"line":6,"column":23},"end":{"line":14,"column":null}},"3":{"start":{"line":7,"column":2},"end":{"line":7,"column":8}},"4":{"start":{"line":8,"column":22},"end":{"line":8,"column":33}},"5":{"start":{"line":9,"column":4},"end":{"line":11,"column":null}},"6":{"start":{"line":10,"column":6},"end":{"line":10,"column":9}},"7":{"start":{"line":13,"column":2},"end":{"line":13,"column":9}},"8":{"start":{"line":6,"column":13},"end":{"line":6,"column":20}},"9":{"start":{"line":17,"column":0},"end":{"line":17,"column":15}}},"fnMap":{"0":{"name":"(anonymous_4)","decl":{"start":{"line":6,"column":23},"end":{"line":6,"column":33}},"loc":{"start":{"line":6,"column":41},"end":{"line":14,"column":null}}},"1":{"name":"(anonymous_5)","decl":{"start":{"line":7,"column":34},"end":{"line":7,"column":37}},"loc":{"start":{"line":7,"column":40},"end":{"line":12,"column":null}}}},"branchMap":{"0":{"loc":{"start":{"line":9,"column":4},"end":{"line":11,"column":null}},"type":"if","locations":[{"start":{"line":9,"column":4},"end":{"line":11,"column":null}}]}},"s":{"0":0,"1":0,"2":0,"3":0,"4":0,"5":0,"6":0,"7":0,"8":0,"9":0},"f":{"0":0,"1":0},"b":{"0":[0]}}
,"/Volumes/workspace/k-view-next/components/style.ts": {"path":"/Volumes/workspace/k-view-next/components/style.ts","statementMap":{"0":{"start":{"line":1,"column":0},"end":{"line":1,"column":null}},"1":{"start":{"line":3,"column":0},"end":{"line":3,"column":null}}},"fnMap":{},"branchMap":{},"s":{"0":0,"1":0},"f":{},"b":{}}
,"/Volumes/workspace/k-view-next/components/_constants/root.ts": {"path":"/Volumes/workspace/k-view-next/components/_constants/root.ts","statementMap":{"0":{"start":{"line":1,"column":13},"end":{"line":1,"column":31}},"1":{"start":{"line":3,"column":13},"end":{"line":3,"column":29}}},"fnMap":{},"branchMap":{},"s":{"0":1,"1":1},"f":{},"b":{}}
,"/Volumes/workspace/k-view-next/components/_hooks/useConfigInject.ts": {"path":"/Volumes/workspace/k-view-next/components/_hooks/useConfigInject.ts","statementMap":{"0":{"start":{"line":2,"column":0},"end":{"line":2,"column":null}},"1":{"start":{"line":3,"column":0},"end":{"line":3,"column":null}},"2":{"start":{"line":4,"column":0},"end":{"line":4,"column":null}},"3":{"start":{"line":8,"column":0},"end":{"line":8,"column":15}},"4":{"start":{"line":14,"column":20},"end":{"line":14,"column":59}},"5":{"start":{"line":15,"column":19},"end":{"line":15,"column":28}},"6":{"start":{"line":16,"column":2},"end":{"line":16,"column":9}},"7":{"start":{"line":19,"column":2},"end":{"line":19,"column":9}}},"fnMap":{"0":{"name":"(anonymous_0)","decl":{"start":{"line":8,"column":15},"end":{"line":8,"column":null}},"loc":{"start":{"line":13,"column":4},"end":{"line":22,"column":null}}},"1":{"name":"(anonymous_1)","decl":{"start":{"line":15,"column":28},"end":{"line":15,"column":32}},"loc":{"start":{"line":15,"column":32},"end":{"line":17,"column":null}}}},"branchMap":{"0":{"loc":{"start":{"line":16,"column":9},"end":{"line":16,"column":null}},"type":"binary-expr","locations":[{"start":{"line":16,"column":9},"end":{"line":16,"column":33}},{"start":{"line":16,"column":33},"end":{"line":16,"column":null}}]}},"s":{"0":1,"1":1,"2":1,"3":1,"4":1,"5":1,"6":1,"7":1},"f":{"0":1,"1":1},"b":{"0":[1,0]}}
,"/Volumes/workspace/k-view-next/components/button/Button.tsx": {"path":"/Volumes/workspace/k-view-next/components/button/Button.tsx","statementMap":{"0":{"start":{"line":1,"column":0},"end":{"line":1,"column":null}},"1":{"start":{"line":2,"column":0},"end":{"line":2,"column":null}},"2":{"start":{"line":3,"column":0},"end":{"line":3,"column":null}},"3":{"start":{"line":4,"column":0},"end":{"line":4,"column":null}},"4":{"start":{"line":11,"column":0},"end":{"line":11,"column":15}},"5":{"start":{"line":17,"column":19},"end":{"line":17,"column":36}},"6":{"start":{"line":18,"column":25},"end":{"line":24,"column":null}},"7":{"start":{"line":19,"column":6},"end":{"line":22,"column":null}},"8":{"start":{"line":20,"column":8},"end":{"line":20,"column":10}},"9":{"start":{"line":21,"column":8},"end":{"line":21,"column":null}},"10":{"start":{"line":23,"column":6},"end":{"line":23,"column":10}},"11":{"start":{"line":25,"column":26},"end":{"line":25,"column":null}},"12":{"start":{"line":26,"column":21},"end":{"line":26,"column":28}},"13":{"start":{"line":27,"column":20},"end":{"line":27,"column":29}},"14":{"start":{"line":28,"column":18},"end":{"line":28,"column":null}},"15":{"start":{"line":29,"column":6},"end":{"line":29,"column":13}},"16":{"start":{"line":31,"column":18},"end":{"line":31,"column":null}},"17":{"start":{"line":36,"column":4},"end":{"line":36,"column":11}},"18":{"start":{"line":42,"column":41},"end":{"line":42,"column":null}},"19":{"start":{"line":43,"column":18},"end":{"line":43,"column":null}},"20":{"start":{"line":44,"column":4},"end":{"line":44,"column":null}}},"fnMap":{"0":{"name":"(anonymous_0)","decl":{"start":{"line":15,"column":2},"end":{"line":15,"column":7}},"loc":{"start":{"line":15,"column":30},"end":{"line":40,"column":null}}},"1":{"name":"(anonymous_1)","decl":{"start":{"line":18,"column":25},"end":{"line":18,"column":38}},"loc":{"start":{"line":18,"column":38},"end":{"line":24,"column":null}}},"2":{"name":"(anonymous_2)","decl":{"start":{"line":27,"column":29},"end":{"line":27,"column":34}},"loc":{"start":{"line":27,"column":34},"end":{"line":30,"column":null}}},"3":{"name":"(anonymous_3)","decl":{"start":{"line":41,"column":2},"end":{"line":41,"column":8}},"loc":{"start":{"line":41,"column":8},"end":{"line":51,"column":null}}}},"branchMap":{"0":{"loc":{"start":{"line":19,"column":6},"end":{"line":22,"column":null}},"type":"if","locations":[{"start":{"line":19,"column":6},"end":{"line":22,"column":null}}]},"1":{"loc":{"start":{"line":29,"column":52},"end":{"line":29,"column":73}},"type":"binary-expr","locations":[{"start":{"line":29,"column":52},"end":{"line":29,"column":64}},{"start":{"line":29,"column":64},"end":{"line":29,"column":73}}]},"2":{"loc":{"start":{"line":43,"column":18},"end":{"line":43,"column":null}},"type":"cond-expr","locations":[{"start":{"line":43,"column":32},"end":{"line":43,"column":null}},{"start":{"line":43,"column":32},"end":{"line":43,"column":null}}]},"3":{"loc":{"start":{"line":43,"column":18},"end":{"line":43,"column":null}},"type":"binary-expr","locations":[{"start":{"line":43,"column":18},"end":{"line":43,"column":null}},{"start":{"line":43,"column":32},"end":{"line":43,"column":null}}]}},"s":{"0":1,"1":1,"2":1,"3":1,"4":1,"5":1,"6":1,"7":0,"8":0,"9":0,"10":0,"11":1,"12":1,"13":1,"14":1,"15":1,"16":1,"17":1,"18":1,"19":1,"20":1},"f":{"0":1,"1":0,"2":1,"3":1},"b":{"0":[0],"1":[1,1],"2":[0,1],"3":[1,1]}}
,"/Volumes/workspace/k-view-next/components/button/ButtonGroup.tsx": {"path":"/Volumes/workspace/k-view-next/components/button/ButtonGroup.tsx","statementMap":{"0":{"start":{"line":1,"column":0},"end":{"line":1,"column":null}},"1":{"start":{"line":2,"column":0},"end":{"line":2,"column":null}},"2":{"start":{"line":4,"column":0},"end":{"line":4,"column":15}},"3":{"start":{"line":7,"column":30},"end":{"line":7,"column":null}},"4":{"start":{"line":8,"column":24},"end":{"line":8,"column":33}},"5":{"start":{"line":9,"column":12},"end":{"line":9,"column":19}},"6":{"start":{"line":11,"column":27},"end":{"line":11,"column":null}},"7":{"start":{"line":15,"column":8},"end":{"line":15,"column":15}},"8":{"start":{"line":15,"column":20},"end":{"line":15,"column":29}}},"fnMap":{"0":{"name":"(anonymous_0)","decl":{"start":{"line":6,"column":4},"end":{"line":6,"column":9}},"loc":{"start":{"line":6,"column":29},"end":{"line":16,"column":null}}},"1":{"name":"(anonymous_1)","decl":{"start":{"line":8,"column":33},"end":{"line":8,"column":37}},"loc":{"start":{"line":8,"column":37},"end":{"line":10,"column":null}}},"2":{"name":"(anonymous_2)","decl":{"start":{"line":15,"column":15},"end":{"line":15,"column":19}},"loc":{"start":{"line":15,"column":19},"end":{"line":15,"column":null}}}},"branchMap":{"0":{"loc":{"start":{"line":15,"column":45},"end":{"line":15,"column":69}},"type":"cond-expr","locations":[{"start":{"line":15,"column":58},"end":{"line":15,"column":69}},{"start":{"line":15,"column":58},"end":{"line":15,"column":69}}]},"1":{"loc":{"start":{"line":15,"column":45},"end":{"line":15,"column":69}},"type":"binary-expr","locations":[{"start":{"line":15,"column":45},"end":{"line":15,"column":69}},{"start":{"line":15,"column":58},"end":{"line":15,"column":69}}]}},"s":{"0":1,"1":1,"2":1,"3":0,"4":0,"5":0,"6":0,"7":0,"8":0},"f":{"0":0,"1":0,"2":0},"b":{"0":[0,0],"1":[0,0]}}
,"/Volumes/workspace/k-view-next/components/button/buttonTypes.ts": {"path":"/Volumes/workspace/k-view-next/components/button/buttonTypes.ts","statementMap":{"0":{"start":{"line":1,"column":0},"end":{"line":1,"column":null}},"1":{"start":{"line":3,"column":20},"end":{"line":3,"column":27}},"2":{"start":{"line":3,"column":27},"end":{"line":3,"column":null}},"3":{"start":{"line":9,"column":0},"end":{"line":9,"column":15}}},"fnMap":{"0":{"name":"(anonymous_0)","decl":{"start":{"line":3,"column":20},"end":{"line":3,"column":27}},"loc":{"start":{"line":3,"column":27},"end":{"line":3,"column":null}}}},"branchMap":{},"s":{"0":1,"1":1,"2":1,"3":1},"f":{"0":1},"b":{}}
,"/Volumes/workspace/k-view-next/components/button/index.ts": {"path":"/Volumes/workspace/k-view-next/components/button/index.ts","statementMap":{"0":{"start":{"line":2,"column":0},"end":{"line":2,"column":null}},"1":{"start":{"line":3,"column":0},"end":{"line":3,"column":7}},"2":{"start":{"line":11,"column":9},"end":{"line":11,"column":null}},"3":{"start":{"line":5,"column":0},"end":{"line":5,"column":7}},"4":{"start":{"line":6,"column":4},"end":{"line":6,"column":7}},"5":{"start":{"line":7,"column":4},"end":{"line":7,"column":7}},"6":{"start":{"line":8,"column":4},"end":{"line":8,"column":11}},"7":{"start":{"line":13,"column":0},"end":{"line":13,"column":15}}},"fnMap":{"0":{"name":"(anonymous_0)","decl":{"start":{"line":5,"column":17},"end":{"line":5,"column":27}},"loc":{"start":{"line":5,"column":35},"end":{"line":9,"column":null}}}},"branchMap":{},"s":{"0":1,"1":1,"2":1,"3":1,"4":0,"5":0,"6":0,"7":1},"f":{"0":0},"b":{}}
,"/Volumes/workspace/k-view-next/components/button/style/index.ts": {"path":"/Volumes/workspace/k-view-next/components/button/style/index.ts","statementMap":{"0":{"start":{"line":1,"column":0},"end":{"line":1,"column":null}}},"fnMap":{},"branchMap":{},"s":{"0":0},"f":{},"b":{}}
,"/Volumes/workspace/k-view-next/components/config-provider/configProviderTypes.ts": {"path":"/Volumes/workspace/k-view-next/components/config-provider/configProviderTypes.ts","statementMap":{"0":{"start":{"line":5,"column":28},"end":{"line":5,"column":null}},"1":{"start":{"line":22,"column":0},"end":{"line":22,"column":15}}},"fnMap":{},"branchMap":{},"s":{"0":1,"1":1},"f":{},"b":{}}
,"/Volumes/workspace/k-view-next/components/config-provider/index.tsx": {"path":"/Volumes/workspace/k-view-next/components/config-provider/index.tsx","statementMap":{"0":{"start":{"line":2,"column":0},"end":{"line":2,"column":null}},"1":{"start":{"line":10,"column":0},"end":{"line":10,"column":null}},"2":{"start":{"line":14,"column":0},"end":{"line":14,"column":null}},"3":{"start":{"line":16,"column":13},"end":{"line":16,"column":65}},"4":{"start":{"line":34,"column":17},"end":{"line":34,"column":null}},"5":{"start":{"line":38,"column":2},"end":{"line":38,"column":9}},"6":{"start":{"line":39,"column":23},"end":{"line":39,"column":null}},"7":{"start":{"line":40,"column":4},"end":{"line":40,"column":11}},"8":{"start":{"line":31,"column":0},"end":{"line":31,"column":16}},"9":{"start":{"line":45,"column":23},"end":{"line":45,"column":39}},"10":{"start":{"line":51,"column":23},"end":{"line":51,"column":31}},"11":{"start":{"line":56,"column":4},"end":{"line":56,"column":10}},"12":{"start":{"line":57,"column":6},"end":{"line":57,"column":null}},"13":{"start":{"line":58,"column":14},"end":{"line":58,"column":20}},"14":{"start":{"line":60,"column":10},"end":{"line":60,"column":20}},"15":{"start":{"line":65,"column":4},"end":{"line":65,"column":12}},"16":{"start":{"line":67,"column":4},"end":{"line":67,"column":11}},"17":{"start":{"line":68,"column":6},"end":{"line":68,"column":13}},"18":{"start":{"line":73,"column":0},"end":{"line":73,"column":14}},"19":{"start":{"line":74,"column":2},"end":{"line":74,"column":5}},"20":{"start":{"line":75,"column":2},"end":{"line":75,"column":9}},"21":{"start":{"line":78,"column":0},"end":{"line":78,"column":15}}},"fnMap":{"0":{"name":"useLocaleReceive","decl":{"start":{"line":31,"column":16},"end":{"line":31,"column":null}},"loc":{"start":{"line":32,"column":13},"end":{"line":42,"column":null}}},"1":{"name":"(anonymous_1)","decl":{"start":{"line":38,"column":29},"end":{"line":38,"column":34}},"loc":{"start":{"line":38,"column":34},"end":{"line":41,"column":null}}},"2":{"name":"(anonymous_2)","decl":{"start":{"line":49,"column":2},"end":{"line":49,"column":7}},"loc":{"start":{"line":49,"column":24},"end":{"line":70,"column":null}}},"3":{"name":"(anonymous_3)","decl":{"start":{"line":56,"column":32},"end":{"line":56,"column":39}},"loc":{"start":{"line":56,"column":39},"end":{"line":63,"column":null}}},"4":{"name":"(anonymous_4)","decl":{"start":{"line":58,"column":8},"end":{"line":58,"column":14}},"loc":{"start":{"line":58,"column":14},"end":{"line":58,"column":20}}},"5":{"name":"(anonymous_5)","decl":{"start":{"line":59,"column":8},"end":{"line":59,"column":13}},"loc":{"start":{"line":59,"column":13},"end":{"line":61,"column":null}}},"6":{"name":"(anonymous_6)","decl":{"start":{"line":67,"column":11},"end":{"line":67,"column":16}},"loc":{"start":{"line":67,"column":16},"end":{"line":69,"column":null}}},"7":{"name":"(anonymous_7)","decl":{"start":{"line":73,"column":26},"end":{"line":73,"column":38}},"loc":{"start":{"line":73,"column":38},"end":{"line":76,"column":null}}}},"branchMap":{"0":{"loc":{"start":{"line":40,"column":11},"end":{"line":40,"column":null}},"type":"cond-expr","locations":[{"start":{"line":40,"column":32},"end":{"line":40,"column":39}},{"start":{"line":40,"column":51},"end":{"line":40,"column":null}}]},"1":{"loc":{"start":{"line":40,"column":11},"end":{"line":40,"column":32}},"type":"binary-expr","locations":[{"start":{"line":40,"column":11},"end":{"line":40,"column":17}},{"start":{"line":40,"column":21},"end":{"line":40,"column":32}}]},"2":{"loc":{"start":{"line":68,"column":13},"end":{"line":68,"column":null}},"type":"cond-expr","locations":[{"start":{"line":68,"column":26},"end":{"line":68,"column":null}},{"start":{"line":68,"column":26},"end":{"line":68,"column":null}}]},"3":{"loc":{"start":{"line":68,"column":13},"end":{"line":68,"column":null}},"type":"binary-expr","locations":[{"start":{"line":68,"column":13},"end":{"line":68,"column":null}},{"start":{"line":68,"column":26},"end":{"line":68,"column":null}}]}},"s":{"0":1,"1":1,"2":1,"3":1,"4":1,"5":1,"6":1,"7":1,"8":1,"9":1,"10":0,"11":0,"12":0,"13":0,"14":0,"15":0,"16":0,"17":0,"18":1,"19":0,"20":0,"21":1},"f":{"0":1,"1":1,"2":0,"3":0,"4":0,"5":0,"6":0,"7":0},"b":{"0":[0,1],"1":[1,0],"2":[0,0],"3":[0,0]}}
,"/Volumes/workspace/k-view-next/components/config-provider/localeTypes.ts": {"path":"/Volumes/workspace/k-view-next/components/config-provider/localeTypes.ts","statementMap":{"0":{"start":{"line":1,"column":0},"end":{"line":1,"column":null}}},"fnMap":{},"branchMap":{},"s":{"0":0},"f":{},"b":{}}
}
